2018-12-23 11:47:57.141  INFO 6288 --- [main] com.wuychn.AdminServerApplication        : No active profile set, falling back to default profiles: default
2018-12-23 11:47:59.160  WARN 6288 --- [main] o.s.boot.actuate.endpoint.EndpointId     : Endpoint ID 'service-registry' contains invalid characters, please migrate to a valid format.
2018-12-23 11:47:59.693  INFO 6288 --- [main] o.s.cloud.context.scope.GenericScope     : BeanFactory id=505db624-0a54-382c-bbae-5a5fbed7ea11
2018-12-23 11:47:59.999  INFO 6288 --- [main] trationDelegate$BeanPostProcessorChecker : Bean 'org.springframework.cloud.autoconfigure.ConfigurationPropertiesRebinderAutoConfiguration' of type [org.springframework.cloud.autoconfigure.ConfigurationPropertiesRebinderAutoConfiguration$$EnhancerBySpringCGLIB$$3666cfa2] is not eligible for getting processed by all BeanPostProcessors (for example: not eligible for auto-proxying)
2018-12-23 11:48:01.473  INFO 6288 --- [main] o.s.b.w.embedded.tomcat.TomcatWebServer  : Tomcat initialized with port(s): 9009 (http)
2018-12-23 11:48:01.502  INFO 6288 --- [main] o.apache.catalina.core.StandardService   : Starting service [Tomcat]
2018-12-23 11:48:01.502  INFO 6288 --- [main] org.apache.catalina.core.StandardEngine  : Starting Servlet Engine: Apache Tomcat/9.0.12
2018-12-23 11:48:01.529  INFO 6288 --- [main] o.a.catalina.core.AprLifecycleListener   : The APR based Apache Tomcat Native library which allows optimal performance in production environments was not found on the java.library.path: [D:\JDK\bin;C:\Windows\Sun\Java\bin;C:\Windows\system32;C:\Windows;C:\ProgramData\Oracle\Java\javapath;D:\app\Administrator\product\11.2.0\dbhome_2\bin;D:\JDK\bin;D:\JDK\jre\bin;C:\Program Files\Common Files\NetSarang;C:\Windows\system32;C:\Windows;C:\Windows\System32\Wbem;C:\Windows\System32\WindowsPowerShell\v1.0\;D:\JDK\bin;D:\JDK\jre\bin;D:\maven\apache-maven-3.0.5\bin;D:\cygwin\bin;$HADOOP_HOME\bin;D:\Program Files\TortoiseGit\bin;D:\Program Files\curl-7.61.0\curl-7.61.0\bin;D:\Program Files\RabbitMQ Server\rabbitmq_server-3.7.7\sbin;.]
2018-12-23 11:48:01.835  INFO 6288 --- [main] o.a.c.c.C.[Tomcat].[localhost].[/]       : Initializing Spring embedded WebApplicationContext
2018-12-23 11:48:01.836  INFO 6288 --- [main] o.s.web.context.ContextLoader            : Root WebApplicationContext: initialization completed in 4674 ms
2018-12-23 11:48:01.994  WARN 6288 --- [main] c.n.c.sources.URLConfigurationSource     : No URLs will be polled as dynamic configuration sources.
2018-12-23 11:48:01.994  INFO 6288 --- [main] c.n.c.sources.URLConfigurationSource     : To enable URLs as dynamic configuration sources, define System property archaius.configurationSource.additionalUrls or make config.properties available on classpath.
2018-12-23 11:48:02.064  INFO 6288 --- [main] c.netflix.config.DynamicPropertyFactory  : DynamicPropertyFactory is initialized with configuration sources: com.netflix.config.ConcurrentCompositeConfiguration@42ae3b
2018-12-23 11:48:04.962  INFO 6288 --- [main] o.s.b.w.servlet.FilterRegistrationBean   : Mapping filter: 'characterEncodingFilter' to: [/*]
2018-12-23 11:48:04.963  INFO 6288 --- [main] o.s.b.w.servlet.FilterRegistrationBean   : Mapping filter: 'webMvcMetricsFilter' to: [/*]
2018-12-23 11:48:04.963  INFO 6288 --- [main] o.s.b.w.servlet.FilterRegistrationBean   : Mapping filter: 'hiddenHttpMethodFilter' to: [/*]
2018-12-23 11:48:04.963  INFO 6288 --- [main] o.s.b.w.servlet.FilterRegistrationBean   : Mapping filter: 'formContentFilter' to: [/*]
2018-12-23 11:48:04.963  INFO 6288 --- [main] o.s.b.w.servlet.FilterRegistrationBean   : Mapping filter: 'requestContextFilter' to: [/*]
2018-12-23 11:48:04.964  INFO 6288 --- [main] o.s.b.w.servlet.FilterRegistrationBean   : Mapping filter: 'httpTraceFilter' to: [/*]
2018-12-23 11:48:04.964  INFO 6288 --- [main] o.s.b.w.servlet.ServletRegistrationBean  : Servlet dispatcherServlet mapped to [/]
2018-12-23 11:48:05.029  WARN 6288 --- [main] c.n.c.sources.URLConfigurationSource     : No URLs will be polled as dynamic configuration sources.
2018-12-23 11:48:05.029  INFO 6288 --- [main] c.n.c.sources.URLConfigurationSource     : To enable URLs as dynamic configuration sources, define System property archaius.configurationSource.additionalUrls or make config.properties available on classpath.
2018-12-23 11:48:05.665  INFO 6288 --- [main] o.s.s.concurrent.ThreadPoolTaskExecutor  : Initializing ExecutorService 'applicationTaskExecutor'
2018-12-23 11:48:07.328  WARN 6288 --- [main] reactor.netty.tcp.TcpResources           : [http] resources will use the default LoopResources: DefaultLoopResources {prefix=reactor-http, daemon=true, selectCount=4, workerCount=4}
2018-12-23 11:48:07.332  WARN 6288 --- [main] reactor.netty.tcp.TcpResources           : [http] resources will use the default ConnectionProvider: PooledConnectionProvider {name=http, poolFactory=reactor.netty.resources.ConnectionProvider$$Lambda$524/17230153@e99306}
2018-12-23 11:48:08.293  INFO 6288 --- [main] o.s.b.a.e.web.EndpointLinksResolver      : Exposing 2 endpoint(s) beneath base path '/actuator'
2018-12-23 11:48:08.455  INFO 6288 --- [main] o.s.c.n.eureka.InstanceInfoFactory       : Setting initial instance status as: STARTING
2018-12-23 11:48:08.545  INFO 6288 --- [main] com.netflix.discovery.DiscoveryClient    : Initializing Eureka in region us-east-1
2018-12-23 11:48:09.669  INFO 6288 --- [main] c.n.d.provider.DiscoveryJerseyProvider   : Using JSON encoding codec LegacyJacksonJson
2018-12-23 11:48:09.670  INFO 6288 --- [main] c.n.d.provider.DiscoveryJerseyProvider   : Using JSON decoding codec LegacyJacksonJson
2018-12-23 11:48:09.878  INFO 6288 --- [main] c.n.d.provider.DiscoveryJerseyProvider   : Using XML encoding codec XStreamXml
2018-12-23 11:48:09.879  INFO 6288 --- [main] c.n.d.provider.DiscoveryJerseyProvider   : Using XML decoding codec XStreamXml
2018-12-23 11:48:10.239  INFO 6288 --- [main] c.n.d.s.r.aws.ConfigClusterResolver      : Resolving eureka endpoints via configuration
2018-12-23 11:48:10.935  INFO 6288 --- [main] com.netflix.discovery.DiscoveryClient    : Disable delta property : false
2018-12-23 11:48:10.936  INFO 6288 --- [main] com.netflix.discovery.DiscoveryClient    : Single vip registry refresh property : null
2018-12-23 11:48:10.936  INFO 6288 --- [main] com.netflix.discovery.DiscoveryClient    : Force full registry fetch : false
2018-12-23 11:48:10.936  INFO 6288 --- [main] com.netflix.discovery.DiscoveryClient    : Application is null : false
2018-12-23 11:48:10.936  INFO 6288 --- [main] com.netflix.discovery.DiscoveryClient    : Registered Applications size is zero : true
2018-12-23 11:48:10.936  INFO 6288 --- [main] com.netflix.discovery.DiscoveryClient    : Application version is -1: true
2018-12-23 11:48:10.936  INFO 6288 --- [main] com.netflix.discovery.DiscoveryClient    : Getting all instance registry info from the eureka server
2018-12-23 11:48:11.583  INFO 6288 --- [main] com.netflix.discovery.DiscoveryClient    : The response status is 200
2018-12-23 11:48:11.586  INFO 6288 --- [main] com.netflix.discovery.DiscoveryClient    : Starting heartbeat executor: renew interval is: 30
2018-12-23 11:48:11.731  INFO 6288 --- [main] c.n.discovery.InstanceInfoReplicator     : InstanceInfoReplicator onDemand update allowed rate per min is 4
2018-12-23 11:48:11.737  INFO 6288 --- [main] com.netflix.discovery.DiscoveryClient    : Discovery Client initialized at timestamp 1545536891735 with initial instances count: 0
2018-12-23 11:48:11.738  INFO 6288 --- [main] o.s.c.n.e.s.EurekaServiceRegistry        : Registering application admin-server with eureka with status UP
2018-12-23 11:48:11.739  INFO 6288 --- [main] com.netflix.discovery.DiscoveryClient    : Saw local status change event StatusChangeEvent [timestamp=1545536891739, current=UP, previous=STARTING]
2018-12-23 11:48:11.741  INFO 6288 --- [DiscoveryClient-InstanceInfoReplicator-0] com.netflix.discovery.DiscoveryClient    : DiscoveryClient_ADMIN-SERVER/USER-20150708EU:admin-server:9009: registering service...
2018-12-23 11:48:11.808  INFO 6288 --- [main] o.s.b.w.embedded.tomcat.TomcatWebServer  : Tomcat started on port(s): 9009 (http) with context path ''
2018-12-23 11:48:11.832  INFO 6288 --- [main] com.wuychn.AdminServerApplication        : Started AdminServerApplication in 20.85 seconds (JVM running for 22.956)
2018-12-23 11:48:11.936  INFO 6288 --- [DiscoveryClient-InstanceInfoReplicator-0] com.netflix.discovery.DiscoveryClient    : DiscoveryClient_ADMIN-SERVER/USER-20150708EU:admin-server:9009 - registration status: 204
2018-12-23 11:48:41.588  INFO 6288 --- [DiscoveryClient-CacheRefreshExecutor-0] com.netflix.discovery.DiscoveryClient    : Disable delta property : false
2018-12-23 11:48:41.588  INFO 6288 --- [DiscoveryClient-CacheRefreshExecutor-0] com.netflix.discovery.DiscoveryClient    : Single vip registry refresh property : null
2018-12-23 11:48:41.589  INFO 6288 --- [DiscoveryClient-CacheRefreshExecutor-0] com.netflix.discovery.DiscoveryClient    : Force full registry fetch : false
2018-12-23 11:48:41.589  INFO 6288 --- [DiscoveryClient-CacheRefreshExecutor-0] com.netflix.discovery.DiscoveryClient    : Application is null : false
2018-12-23 11:48:41.589  INFO 6288 --- [DiscoveryClient-CacheRefreshExecutor-0] com.netflix.discovery.DiscoveryClient    : Registered Applications size is zero : true
2018-12-23 11:48:41.589  INFO 6288 --- [DiscoveryClient-CacheRefreshExecutor-0] com.netflix.discovery.DiscoveryClient    : Application version is -1: false
2018-12-23 11:48:41.590  INFO 6288 --- [DiscoveryClient-CacheRefreshExecutor-0] com.netflix.discovery.DiscoveryClient    : Getting all instance registry info from the eureka server
2018-12-23 11:48:41.719  INFO 6288 --- [DiscoveryClient-CacheRefreshExecutor-0] com.netflix.discovery.DiscoveryClient    : The response status is 200
2018-12-23 11:50:38.198  INFO 6288 --- [http-nio-9009-exec-1] o.a.c.c.C.[Tomcat].[localhost].[/]       : Initializing Spring DispatcherServlet 'dispatcherServlet'
2018-12-23 11:50:38.199  INFO 6288 --- [http-nio-9009-exec-1] o.s.web.servlet.DispatcherServlet        : Initializing Servlet 'dispatcherServlet'
2018-12-23 11:50:38.209  INFO 6288 --- [http-nio-9009-exec-1] o.s.web.servlet.DispatcherServlet        : Completed initialization in 10 ms
2018-12-23 11:51:11.294 ERROR 6288 --- [http-nio-9009-exec-10] o.a.catalina.connector.CoyoteAdapter     : Exception while processing an asynchronous request

java.lang.IllegalStateException: Calling [asyncError()] is not valid for a request with Async state [MUST_DISPATCH]
	at org.apache.coyote.AsyncStateMachine.asyncError(AsyncStateMachine.java:440) ~[tomcat-embed-core-9.0.12.jar:9.0.12]
	at org.apache.coyote.AbstractProcessor.action(AbstractProcessor.java:494) [tomcat-embed-core-9.0.12.jar:9.0.12]
	at org.apache.coyote.Request.action(Request.java:430) ~[tomcat-embed-core-9.0.12.jar:9.0.12]
	at org.apache.catalina.core.AsyncContextImpl.setErrorState(AsyncContextImpl.java:382) ~[tomcat-embed-core-9.0.12.jar:9.0.12]
	at org.apache.catalina.connector.CoyoteAdapter.asyncDispatch(CoyoteAdapter.java:239) ~[tomcat-embed-core-9.0.12.jar:9.0.12]
	at org.apache.coyote.AbstractProcessor.dispatch(AbstractProcessor.java:241) [tomcat-embed-core-9.0.12.jar:9.0.12]
	at org.apache.coyote.AbstractProcessorLight.process(AbstractProcessorLight.java:53) [tomcat-embed-core-9.0.12.jar:9.0.12]
	at org.apache.coyote.AbstractProtocol$ConnectionHandler.process(AbstractProtocol.java:770) [tomcat-embed-core-9.0.12.jar:9.0.12]
	at org.apache.tomcat.util.net.NioEndpoint$SocketProcessor.doRun(NioEndpoint.java:1415) [tomcat-embed-core-9.0.12.jar:9.0.12]
	at org.apache.tomcat.util.net.SocketProcessorBase.run(SocketProcessorBase.java:49) [tomcat-embed-core-9.0.12.jar:9.0.12]
	at java.util.concurrent.ThreadPoolExecutor.runWorker(ThreadPoolExecutor.java:1142) [na:1.8.0_121]
	at java.util.concurrent.ThreadPoolExecutor$Worker.run(ThreadPoolExecutor.java:617) [na:1.8.0_121]
	at org.apache.tomcat.util.threads.TaskThread$WrappingRunnable.run(TaskThread.java:61) [tomcat-embed-core-9.0.12.jar:9.0.12]
	at java.lang.Thread.run(Thread.java:745) [na:1.8.0_121]

2018-12-23 11:51:20.168 ERROR 6288 --- [http-nio-9009-exec-3] o.a.catalina.connector.CoyoteAdapter     : Exception while processing an asynchronous request

java.lang.IllegalStateException: Calling [asyncError()] is not valid for a request with Async state [MUST_DISPATCH]
	at org.apache.coyote.AsyncStateMachine.asyncError(AsyncStateMachine.java:440) ~[tomcat-embed-core-9.0.12.jar:9.0.12]
	at org.apache.coyote.AbstractProcessor.action(AbstractProcessor.java:494) [tomcat-embed-core-9.0.12.jar:9.0.12]
	at org.apache.coyote.Request.action(Request.java:430) ~[tomcat-embed-core-9.0.12.jar:9.0.12]
	at org.apache.catalina.core.AsyncContextImpl.setErrorState(AsyncContextImpl.java:382) ~[tomcat-embed-core-9.0.12.jar:9.0.12]
	at org.apache.catalina.connector.CoyoteAdapter.asyncDispatch(CoyoteAdapter.java:239) ~[tomcat-embed-core-9.0.12.jar:9.0.12]
	at org.apache.coyote.AbstractProcessor.dispatch(AbstractProcessor.java:241) [tomcat-embed-core-9.0.12.jar:9.0.12]
	at org.apache.coyote.AbstractProcessorLight.process(AbstractProcessorLight.java:53) [tomcat-embed-core-9.0.12.jar:9.0.12]
	at org.apache.coyote.AbstractProtocol$ConnectionHandler.process(AbstractProtocol.java:770) [tomcat-embed-core-9.0.12.jar:9.0.12]
	at org.apache.tomcat.util.net.NioEndpoint$SocketProcessor.doRun(NioEndpoint.java:1415) [tomcat-embed-core-9.0.12.jar:9.0.12]
	at org.apache.tomcat.util.net.SocketProcessorBase.run(SocketProcessorBase.java:49) [tomcat-embed-core-9.0.12.jar:9.0.12]
	at java.util.concurrent.ThreadPoolExecutor.runWorker(ThreadPoolExecutor.java:1142) [na:1.8.0_121]
	at java.util.concurrent.ThreadPoolExecutor$Worker.run(ThreadPoolExecutor.java:617) [na:1.8.0_121]
	at org.apache.tomcat.util.threads.TaskThread$WrappingRunnable.run(TaskThread.java:61) [tomcat-embed-core-9.0.12.jar:9.0.12]
	at java.lang.Thread.run(Thread.java:745) [na:1.8.0_121]

2018-12-23 11:51:24.005 ERROR 6288 --- [http-nio-9009-exec-9] o.a.catalina.connector.CoyoteAdapter     : Exception while processing an asynchronous request

java.lang.IllegalStateException: Calling [asyncError()] is not valid for a request with Async state [MUST_DISPATCH]
	at org.apache.coyote.AsyncStateMachine.asyncError(AsyncStateMachine.java:440) ~[tomcat-embed-core-9.0.12.jar:9.0.12]
	at org.apache.coyote.AbstractProcessor.action(AbstractProcessor.java:494) [tomcat-embed-core-9.0.12.jar:9.0.12]
	at org.apache.coyote.Request.action(Request.java:430) ~[tomcat-embed-core-9.0.12.jar:9.0.12]
	at org.apache.catalina.core.AsyncContextImpl.setErrorState(AsyncContextImpl.java:382) ~[tomcat-embed-core-9.0.12.jar:9.0.12]
	at org.apache.catalina.connector.CoyoteAdapter.asyncDispatch(CoyoteAdapter.java:239) ~[tomcat-embed-core-9.0.12.jar:9.0.12]
	at org.apache.coyote.AbstractProcessor.dispatch(AbstractProcessor.java:241) [tomcat-embed-core-9.0.12.jar:9.0.12]
	at org.apache.coyote.AbstractProcessorLight.process(AbstractProcessorLight.java:53) [tomcat-embed-core-9.0.12.jar:9.0.12]
	at org.apache.coyote.AbstractProtocol$ConnectionHandler.process(AbstractProtocol.java:770) [tomcat-embed-core-9.0.12.jar:9.0.12]
	at org.apache.tomcat.util.net.NioEndpoint$SocketProcessor.doRun(NioEndpoint.java:1415) [tomcat-embed-core-9.0.12.jar:9.0.12]
	at org.apache.tomcat.util.net.SocketProcessorBase.run(SocketProcessorBase.java:49) [tomcat-embed-core-9.0.12.jar:9.0.12]
	at java.util.concurrent.ThreadPoolExecutor.runWorker(ThreadPoolExecutor.java:1142) [na:1.8.0_121]
	at java.util.concurrent.ThreadPoolExecutor$Worker.run(ThreadPoolExecutor.java:617) [na:1.8.0_121]
	at org.apache.tomcat.util.threads.TaskThread$WrappingRunnable.run(TaskThread.java:61) [tomcat-embed-core-9.0.12.jar:9.0.12]
	at java.lang.Thread.run(Thread.java:745) [na:1.8.0_121]

2018-12-23 11:51:25.049 ERROR 6288 --- [http-nio-9009-exec-7] o.a.catalina.connector.CoyoteAdapter     : Exception while processing an asynchronous request

java.lang.IllegalStateException: Calling [asyncError()] is not valid for a request with Async state [MUST_DISPATCH]
	at org.apache.coyote.AsyncStateMachine.asyncError(AsyncStateMachine.java:440) ~[tomcat-embed-core-9.0.12.jar:9.0.12]
	at org.apache.coyote.AbstractProcessor.action(AbstractProcessor.java:494) [tomcat-embed-core-9.0.12.jar:9.0.12]
	at org.apache.coyote.Request.action(Request.java:430) ~[tomcat-embed-core-9.0.12.jar:9.0.12]
	at org.apache.catalina.core.AsyncContextImpl.setErrorState(AsyncContextImpl.java:382) ~[tomcat-embed-core-9.0.12.jar:9.0.12]
	at org.apache.catalina.connector.CoyoteAdapter.asyncDispatch(CoyoteAdapter.java:239) ~[tomcat-embed-core-9.0.12.jar:9.0.12]
	at org.apache.coyote.AbstractProcessor.dispatch(AbstractProcessor.java:241) [tomcat-embed-core-9.0.12.jar:9.0.12]
	at org.apache.coyote.AbstractProcessorLight.process(AbstractProcessorLight.java:53) [tomcat-embed-core-9.0.12.jar:9.0.12]
	at org.apache.coyote.AbstractProtocol$ConnectionHandler.process(AbstractProtocol.java:770) [tomcat-embed-core-9.0.12.jar:9.0.12]
	at org.apache.tomcat.util.net.NioEndpoint$SocketProcessor.doRun(NioEndpoint.java:1415) [tomcat-embed-core-9.0.12.jar:9.0.12]
	at org.apache.tomcat.util.net.SocketProcessorBase.run(SocketProcessorBase.java:49) [tomcat-embed-core-9.0.12.jar:9.0.12]
	at java.util.concurrent.ThreadPoolExecutor.runWorker(ThreadPoolExecutor.java:1142) [na:1.8.0_121]
	at java.util.concurrent.ThreadPoolExecutor$Worker.run(ThreadPoolExecutor.java:617) [na:1.8.0_121]
	at org.apache.tomcat.util.threads.TaskThread$WrappingRunnable.run(TaskThread.java:61) [tomcat-embed-core-9.0.12.jar:9.0.12]
	at java.lang.Thread.run(Thread.java:745) [na:1.8.0_121]

2018-12-23 11:51:42.304 ERROR 6288 --- [http-nio-9009-exec-10] o.a.catalina.connector.CoyoteAdapter     : Exception while processing an asynchronous request

java.lang.IllegalStateException: Calling [asyncError()] is not valid for a request with Async state [MUST_DISPATCH]
	at org.apache.coyote.AsyncStateMachine.asyncError(AsyncStateMachine.java:440) ~[tomcat-embed-core-9.0.12.jar:9.0.12]
	at org.apache.coyote.AbstractProcessor.action(AbstractProcessor.java:494) [tomcat-embed-core-9.0.12.jar:9.0.12]
	at org.apache.coyote.Request.action(Request.java:430) ~[tomcat-embed-core-9.0.12.jar:9.0.12]
	at org.apache.catalina.core.AsyncContextImpl.setErrorState(AsyncContextImpl.java:382) ~[tomcat-embed-core-9.0.12.jar:9.0.12]
	at org.apache.catalina.connector.CoyoteAdapter.asyncDispatch(CoyoteAdapter.java:239) ~[tomcat-embed-core-9.0.12.jar:9.0.12]
	at org.apache.coyote.AbstractProcessor.dispatch(AbstractProcessor.java:241) [tomcat-embed-core-9.0.12.jar:9.0.12]
	at org.apache.coyote.AbstractProcessorLight.process(AbstractProcessorLight.java:53) [tomcat-embed-core-9.0.12.jar:9.0.12]
	at org.apache.coyote.AbstractProtocol$ConnectionHandler.process(AbstractProtocol.java:770) [tomcat-embed-core-9.0.12.jar:9.0.12]
	at org.apache.tomcat.util.net.NioEndpoint$SocketProcessor.doRun(NioEndpoint.java:1415) [tomcat-embed-core-9.0.12.jar:9.0.12]
	at org.apache.tomcat.util.net.SocketProcessorBase.run(SocketProcessorBase.java:49) [tomcat-embed-core-9.0.12.jar:9.0.12]
	at java.util.concurrent.ThreadPoolExecutor.runWorker(ThreadPoolExecutor.java:1142) [na:1.8.0_121]
	at java.util.concurrent.ThreadPoolExecutor$Worker.run(ThreadPoolExecutor.java:617) [na:1.8.0_121]
	at org.apache.tomcat.util.threads.TaskThread$WrappingRunnable.run(TaskThread.java:61) [tomcat-embed-core-9.0.12.jar:9.0.12]
	at java.lang.Thread.run(Thread.java:745) [na:1.8.0_121]

2018-12-23 11:53:10.945  INFO 6288 --- [AsyncResolver-bootstrap-executor-0] c.n.d.s.r.aws.ConfigClusterResolver      : Resolving eureka endpoints via configuration
2018-12-23 11:58:10.950  INFO 6288 --- [AsyncResolver-bootstrap-executor-0] c.n.d.s.r.aws.ConfigClusterResolver      : Resolving eureka endpoints via configuration
2018-12-23 11:59:46.057 ERROR 6288 --- [http-nio-9009-exec-2] o.a.catalina.connector.CoyoteAdapter     : Exception while processing an asynchronous request

java.lang.IllegalStateException: Calling [asyncError()] is not valid for a request with Async state [MUST_DISPATCH]
	at org.apache.coyote.AsyncStateMachine.asyncError(AsyncStateMachine.java:440) ~[tomcat-embed-core-9.0.12.jar:9.0.12]
	at org.apache.coyote.AbstractProcessor.action(AbstractProcessor.java:494) [tomcat-embed-core-9.0.12.jar:9.0.12]
	at org.apache.coyote.Request.action(Request.java:430) ~[tomcat-embed-core-9.0.12.jar:9.0.12]
	at org.apache.catalina.core.AsyncContextImpl.setErrorState(AsyncContextImpl.java:382) ~[tomcat-embed-core-9.0.12.jar:9.0.12]
	at org.apache.catalina.connector.CoyoteAdapter.asyncDispatch(CoyoteAdapter.java:239) ~[tomcat-embed-core-9.0.12.jar:9.0.12]
	at org.apache.coyote.AbstractProcessor.dispatch(AbstractProcessor.java:241) [tomcat-embed-core-9.0.12.jar:9.0.12]
	at org.apache.coyote.AbstractProcessorLight.process(AbstractProcessorLight.java:53) [tomcat-embed-core-9.0.12.jar:9.0.12]
	at org.apache.coyote.AbstractProtocol$ConnectionHandler.process(AbstractProtocol.java:770) [tomcat-embed-core-9.0.12.jar:9.0.12]
	at org.apache.tomcat.util.net.NioEndpoint$SocketProcessor.doRun(NioEndpoint.java:1415) [tomcat-embed-core-9.0.12.jar:9.0.12]
	at org.apache.tomcat.util.net.SocketProcessorBase.run(SocketProcessorBase.java:49) [tomcat-embed-core-9.0.12.jar:9.0.12]
	at java.util.concurrent.ThreadPoolExecutor.runWorker(ThreadPoolExecutor.java:1142) [na:1.8.0_121]
	at java.util.concurrent.ThreadPoolExecutor$Worker.run(ThreadPoolExecutor.java:617) [na:1.8.0_121]
	at org.apache.tomcat.util.threads.TaskThread$WrappingRunnable.run(TaskThread.java:61) [tomcat-embed-core-9.0.12.jar:9.0.12]
	at java.lang.Thread.run(Thread.java:745) [na:1.8.0_121]

