2018-12-23 11:50:07.703  INFO 7912 --- [main] com.wuychn.EurekaClientOneApplication    : No active profile set, falling back to default profiles: default
2018-12-23 11:50:08.729  WARN 7912 --- [main] o.s.boot.actuate.endpoint.EndpointId     : Endpoint ID 'service-registry' contains invalid characters, please migrate to a valid format.
2018-12-23 11:50:09.042  INFO 7912 --- [main] o.s.cloud.context.scope.GenericScope     : BeanFactory id=cc208ce7-5a7a-381a-94e7-01cc2cc38a4a
2018-12-23 11:50:09.186  INFO 7912 --- [main] trationDelegate$BeanPostProcessorChecker : Bean 'org.springframework.cloud.autoconfigure.ConfigurationPropertiesRebinderAutoConfiguration' of type [org.springframework.cloud.autoconfigure.ConfigurationPropertiesRebinderAutoConfiguration$$EnhancerBySpringCGLIB$$cdb30aa3] is not eligible for getting processed by all BeanPostProcessors (for example: not eligible for auto-proxying)
2018-12-23 11:50:10.479  INFO 7912 --- [main] o.s.b.w.embedded.tomcat.TomcatWebServer  : Tomcat initialized with port(s): 9002 (http)
2018-12-23 11:50:10.508  INFO 7912 --- [main] o.apache.catalina.core.StandardService   : Starting service [Tomcat]
2018-12-23 11:50:10.509  INFO 7912 --- [main] org.apache.catalina.core.StandardEngine  : Starting Servlet Engine: Apache Tomcat/9.0.12
2018-12-23 11:50:10.523  INFO 7912 --- [main] o.a.catalina.core.AprLifecycleListener   : The APR based Apache Tomcat Native library which allows optimal performance in production environments was not found on the java.library.path: [D:\JDK\bin;C:\Windows\Sun\Java\bin;C:\Windows\system32;C:\Windows;C:\ProgramData\Oracle\Java\javapath;D:\app\Administrator\product\11.2.0\dbhome_2\bin;D:\JDK\bin;D:\JDK\jre\bin;C:\Program Files\Common Files\NetSarang;C:\Windows\system32;C:\Windows;C:\Windows\System32\Wbem;C:\Windows\System32\WindowsPowerShell\v1.0\;D:\JDK\bin;D:\JDK\jre\bin;D:\maven\apache-maven-3.0.5\bin;D:\cygwin\bin;$HADOOP_HOME\bin;D:\Program Files\TortoiseGit\bin;D:\Program Files\curl-7.61.0\curl-7.61.0\bin;D:\Program Files\RabbitMQ Server\rabbitmq_server-3.7.7\sbin;.]
2018-12-23 11:50:10.934  INFO 7912 --- [main] o.a.c.c.C.[Tomcat].[localhost].[/]       : Initializing Spring embedded WebApplicationContext
2018-12-23 11:50:10.934  INFO 7912 --- [main] o.s.web.context.ContextLoader            : Root WebApplicationContext: initialization completed in 3214 ms
2018-12-23 11:50:11.086  WARN 7912 --- [main] c.n.c.sources.URLConfigurationSource     : No URLs will be polled as dynamic configuration sources.
2018-12-23 11:50:11.087  INFO 7912 --- [main] c.n.c.sources.URLConfigurationSource     : To enable URLs as dynamic configuration sources, define System property archaius.configurationSource.additionalUrls or make config.properties available on classpath.
2018-12-23 11:50:11.109  INFO 7912 --- [main] c.netflix.config.DynamicPropertyFactory  : DynamicPropertyFactory is initialized with configuration sources: com.netflix.config.ConcurrentCompositeConfiguration@16206d8
2018-12-23 11:50:13.838  INFO 7912 --- [main] o.s.b.w.servlet.FilterRegistrationBean   : Mapping filter: 'characterEncodingFilter' to: [/*]
2018-12-23 11:50:13.838  INFO 7912 --- [main] o.s.b.w.servlet.FilterRegistrationBean   : Mapping filter: 'webMvcMetricsFilter' to: [/*]
2018-12-23 11:50:13.839  INFO 7912 --- [main] o.s.b.w.servlet.FilterRegistrationBean   : Mapping filter: 'hiddenHttpMethodFilter' to: [/*]
2018-12-23 11:50:13.839  INFO 7912 --- [main] o.s.b.w.servlet.FilterRegistrationBean   : Mapping filter: 'formContentFilter' to: [/*]
2018-12-23 11:50:13.839  INFO 7912 --- [main] o.s.b.w.servlet.FilterRegistrationBean   : Mapping filter: 'requestContextFilter' to: [/*]
2018-12-23 11:50:13.839  INFO 7912 --- [main] o.s.b.w.servlet.FilterRegistrationBean   : Mapping filter: 'httpTraceFilter' to: [/*]
2018-12-23 11:50:13.839  INFO 7912 --- [main] o.s.b.w.servlet.ServletRegistrationBean  : Servlet dispatcherServlet mapped to [/]
2018-12-23 11:50:13.892  WARN 7912 --- [main] c.n.c.sources.URLConfigurationSource     : No URLs will be polled as dynamic configuration sources.
2018-12-23 11:50:13.892  INFO 7912 --- [main] c.n.c.sources.URLConfigurationSource     : To enable URLs as dynamic configuration sources, define System property archaius.configurationSource.additionalUrls or make config.properties available on classpath.
2018-12-23 11:50:14.136  INFO 7912 --- [main] o.s.s.concurrent.ThreadPoolTaskExecutor  : Initializing ExecutorService 'applicationTaskExecutor'
2018-12-23 11:50:14.707  INFO 7912 --- [main] o.s.b.a.e.web.EndpointLinksResolver      : Exposing 2 endpoint(s) beneath base path '/actuator'
2018-12-23 11:50:14.838  INFO 7912 --- [main] o.s.c.n.eureka.InstanceInfoFactory       : Setting initial instance status as: STARTING
2018-12-23 11:50:14.892  INFO 7912 --- [main] com.netflix.discovery.DiscoveryClient    : Initializing Eureka in region us-east-1
2018-12-23 11:50:15.745  INFO 7912 --- [main] c.n.d.provider.DiscoveryJerseyProvider   : Using JSON encoding codec LegacyJacksonJson
2018-12-23 11:50:15.745  INFO 7912 --- [main] c.n.d.provider.DiscoveryJerseyProvider   : Using JSON decoding codec LegacyJacksonJson
2018-12-23 11:50:15.947  INFO 7912 --- [main] c.n.d.provider.DiscoveryJerseyProvider   : Using XML encoding codec XStreamXml
2018-12-23 11:50:15.947  INFO 7912 --- [main] c.n.d.provider.DiscoveryJerseyProvider   : Using XML decoding codec XStreamXml
2018-12-23 11:50:16.199  INFO 7912 --- [main] c.n.d.s.r.aws.ConfigClusterResolver      : Resolving eureka endpoints via configuration
2018-12-23 11:50:16.715  INFO 7912 --- [main] com.netflix.discovery.DiscoveryClient    : Disable delta property : false
2018-12-23 11:50:16.715  INFO 7912 --- [main] com.netflix.discovery.DiscoveryClient    : Single vip registry refresh property : null
2018-12-23 11:50:16.715  INFO 7912 --- [main] com.netflix.discovery.DiscoveryClient    : Force full registry fetch : false
2018-12-23 11:50:16.715  INFO 7912 --- [main] com.netflix.discovery.DiscoveryClient    : Application is null : false
2018-12-23 11:50:16.716  INFO 7912 --- [main] com.netflix.discovery.DiscoveryClient    : Registered Applications size is zero : true
2018-12-23 11:50:16.716  INFO 7912 --- [main] com.netflix.discovery.DiscoveryClient    : Application version is -1: true
2018-12-23 11:50:16.716  INFO 7912 --- [main] com.netflix.discovery.DiscoveryClient    : Getting all instance registry info from the eureka server
2018-12-23 11:50:16.971  INFO 7912 --- [main] com.netflix.discovery.DiscoveryClient    : The response status is 200
2018-12-23 11:50:16.975  INFO 7912 --- [main] com.netflix.discovery.DiscoveryClient    : Starting heartbeat executor: renew interval is: 30
2018-12-23 11:50:16.978  INFO 7912 --- [main] c.n.discovery.InstanceInfoReplicator     : InstanceInfoReplicator onDemand update allowed rate per min is 4
2018-12-23 11:50:16.985  INFO 7912 --- [main] com.netflix.discovery.DiscoveryClient    : Discovery Client initialized at timestamp 1545537016984 with initial instances count: 1
2018-12-23 11:50:16.987  INFO 7912 --- [main] o.s.c.n.e.s.EurekaServiceRegistry        : Registering application eureka-client-one with eureka with status UP
2018-12-23 11:50:16.988  INFO 7912 --- [main] com.netflix.discovery.DiscoveryClient    : Saw local status change event StatusChangeEvent [timestamp=1545537016988, current=UP, previous=STARTING]
2018-12-23 11:50:16.990  INFO 7912 --- [DiscoveryClient-InstanceInfoReplicator-0] com.netflix.discovery.DiscoveryClient    : DiscoveryClient_EUREKA-CLIENT-ONE/USER-20150708EU:eureka-client-one:9002: registering service...
2018-12-23 11:50:17.046  INFO 7912 --- [DiscoveryClient-InstanceInfoReplicator-0] com.netflix.discovery.DiscoveryClient    : DiscoveryClient_EUREKA-CLIENT-ONE/USER-20150708EU:eureka-client-one:9002 - registration status: 204
2018-12-23 11:50:17.064  INFO 7912 --- [main] o.s.b.w.embedded.tomcat.TomcatWebServer  : Tomcat started on port(s): 9002 (http) with context path ''
2018-12-23 11:50:17.067  INFO 7912 --- [main] com.wuychn.EurekaClientOneApplication    : Started EurekaClientOneApplication in 14.294 seconds (JVM running for 16.231)
2018-12-23 11:55:16.724  INFO 7912 --- [AsyncResolver-bootstrap-executor-0] c.n.d.s.r.aws.ConfigClusterResolver      : Resolving eureka endpoints via configuration
2018-12-23 12:00:16.731  INFO 7912 --- [AsyncResolver-bootstrap-executor-0] c.n.d.s.r.aws.ConfigClusterResolver      : Resolving eureka endpoints via configuration
